Arguments: 
  /Users/ignacioureta/.nvm/versions/node/v6.11.2/bin/node /Users/ignacioureta/.nvm/versions/node/v6.11.2/bin/yarn init

PATH: 
  /Users/ignacioureta/.rvm/gems/ruby-2.4.0/bin:/Users/ignacioureta/.rvm/gems/ruby-2.4.0@global/bin:/Users/ignacioureta/.rvm/rubies/ruby-2.4.0/bin:/Users/ignacioureta/.nvm/versions/node/v6.11.2/bin:/usr/local/bin:/usr/bin:/bin:/usr/sbin:/sbin:/Users/ignacioureta/.rvm/bin:/Users/ignacioureta/.rvm/bin:/Users/ignacioureta/Library/Android/sdk/tools:/Users/ignacioureta/Library/Android/sdk/platform-tools

Yarn version: 
  1.3.2

Node version: 
  6.11.2

Platform: 
  darwin x64

npm manifest: 
  No manifest

yarn manifest: 
  No manifest

Lockfile: 
  No lockfile

Trace: 
  Error: canceled
      at Interface.<anonymous> (/Users/ignacioureta/.nvm/versions/node/v6.11.2/lib/node_modules/yarn/lib/cli.js:121045:13)
      at emitNone (events.js:86:13)
      at Interface.emit (events.js:185:7)
      at Interface._ttyWrite (readline.js:726:16)
      at ReadStream.onkeypress (readline.js:120:10)
      at emitTwo (events.js:106:13)
      at ReadStream.emit (events.js:191:7)
      at emitKeys (internal/readline.js:389:14)
      at next (native)
      at ReadStream.onData (readline.js:972:36)
